0:100  0:100  MemLog inited, TSC freq: 1992030260
0:100  0:000  CPU was calibrated with RTC
0:100  0:000  
0:100  0:000  Now is 19.7.2019,  9:53:39 (GMT)
0:100  0:000  Starting Clover revision: 4953 on Phoenix Technologies Ltd. EFI
0:100  0:000  Build with: [Args: -mc --no-usb -D NO_GRUB_DRIVERS_EMBEDDED -t XCODE8 | -D DISABLE_USB_SUPPORT -D NO_GRUB_DRIVERS_EMBEDDED --conf=/Users/mald0n/src/UDK2018_space/Conf -D USE_BIOS_BLOCKIO -D USE_LOW_EBDA -D HAVE_LEGACY_EMURUNTIMEDXE -a X64 -b RELEASE -t XCODE8 -n 17 | OS: 10.14.6 | XCODE: 10.2.1]
0:100  0:000  SelfDevicePath=PciRoot(0x0)\Pci(0x1D,0x4)\Pci(0x0,0x0)\NVMe(0x1,00-00-00-00-00-00-00-00)\HD(1,GPT,88C17CE6-A50F-49D6-AA40-0AFEBA6B66F4,0x28,0x64000) @28516718
0:100  0:000  SelfDirPath = \EFI\CLOVER
0:100  0:000  === [ Get Smbios ] ========================================
0:100  0:000  Type 16 Index = 0
0:100  0:000  Total Memory Slots Count = 2
0:100  0:000  Type 17 Index = 0
0:100  0:000  SmbiosTable.Type17->Speed = 2133MHz
0:100  0:000  SmbiosTable.Type17->Size = 8192MB
0:100  0:000  SmbiosTable.Type17->Bank/Device = BANK 0 ChannelA-DIMM0
0:100  0:000  SmbiosTable.Type17->Vendor = SK Hynix
0:100  0:000  SmbiosTable.Type17->SerialNumber = 00000000
0:100  0:000  SmbiosTable.Type17->PartNumber = H9CCNNNCLGALAR-NVD
0:100  0:000  Type 17 Index = 1
0:100  0:000  SmbiosTable.Type17->Speed = 2133MHz
0:100  0:000  SmbiosTable.Type17->Size = 8192MB
0:100  0:000  SmbiosTable.Type17->Bank/Device = BANK 2 ChannelB-DIMM0
0:100  0:000  SmbiosTable.Type17->Vendor = SK Hynix
0:100  0:000  SmbiosTable.Type17->SerialNumber = 00000000
0:100  0:000  SmbiosTable.Type17->PartNumber = H9CCNNNCLGALAR-NVD
0:100  0:000  Boot status=0
0:100  0:000  Running on: '81JB' with board 'LNVNB161216'
0:100  0:000  === [ GetCPUProperties ] ==================================
0:100  0:000  CPU Vendor = 756E6547 Model=806EB
0:100  0:000   The CPU supported SSE4.1
0:100  0:000  BrandString = Intel(R) Core(TM) i7-8565U CPU @ 1.80GHz
0:100  0:000   The CPU supported turbo
0:100  0:000  MSR 0x35               40008
0:100  0:000   TSC/CCC Information Leaf:
0:100  0:000    numerator     : 166
0:100  0:000    denominator   : 2
0:100  0:000   Calibrated ARTFrequency: 24000364
0:100  0:000  MSR 0xE2 before patch 1E008008
0:100  0:000  MSR 0xE2 is locked, PM patches will be turned on
0:100  0:000  MSR 0xCE              0004043D_F1011400
0:100  0:000  corrected FLEX_RATIO = 0
0:100  0:000  MSR 0x1B0             00000000
0:100  0:000  FSBFrequency = 203 MHz, DMI FSBFrequency = 100 MHz, Corrected FSBFrequency = 100 MHz
0:100  0:000  MaxDiv/MinDiv: 20.0/4
0:100  0:000  Turbo: 41/41/45/46
0:100  0:000  Features: 0xBFEBFBFF
0:100  0:000  Threads: 8
0:100  0:000  Cores: 4
0:100  0:000  FSB: 100 MHz
0:100  0:000  CPU: 4059 MHz
0:100  0:000  TSC: 4059 MHz
0:100  0:000  PIS: 100 MHz
0:100  0:000  ExternalClock: 25 MHz
0:100  0:000  === [ GetDevices ] ========================================
0:100  0:000  PCI (00|00:00.00) : 8086 3E34 class=060000
0:100  0:000  PCI (00|00:02.00) : 8086 3EA0 class=030000
0:100  0:000   - GFX: Model=Intel UHD Graphics 620 (Intel)
0:100  0:000  PCI (00|00:04.00) : 8086 1903 class=118000
0:100  0:000  PCI (00|00:08.00) : 8086 1911 class=088000
0:100  0:000  PCI (00|00:12.00) : 8086 9DF9 class=118000
0:100  0:000  PCI (00|00:14.00) : 8086 9DED class=0C0330
0:100  0:000  PCI (00|00:14.02) : 8086 9DEF class=050000
0:100  0:000  PCI (00|00:15.00) : 8086 9DE8 class=0C8000
0:100  0:000  PCI (00|00:16.00) : 8086 9DE0 class=078000
0:100  0:000  PCI (00|00:1C.00) : 8086 9DB8 class=060400
0:100  0:000  PCI (00|00:1C.04) : 8086 9DBC class=060400
0:100  0:000  PCI (00|02:00.00) : 8086 15D3 class=060400
0:100  0:000  PCI (00|03:00.00) : 8086 15D3 class=060400
0:100  0:000  PCI (00|03:01.00) : 8086 15D3 class=060400
0:100  0:000  PCI (00|03:02.00) : 8086 15D3 class=060400
0:100  0:000  PCI (00|3B:00.00) : 8086 15D4 class=0C0330
0:100  0:000  PCI (00|03:04.00) : 8086 15D3 class=060400
0:101  0:000  PCI (00|00:1D.00) : 8086 9DB0 class=060400
0:101  0:000  PCI (00|00:1D.01) : 8086 9DB1 class=060400
0:101  0:000  PCI (00|73:00.00) : 8086 2526 class=028000
0:101  0:000   - WIFI: Vendor=Intel
0:101  0:000  PCI (00|00:1D.04) : 8086 9DB4 class=060400
0:101  0:000  PCI (00|74:00.00) : 1C5C 1527 class=010802
0:101  0:000  PCI (00|00:1F.00) : 8086 9D84 class=060100
0:101  0:000  PCI (00|00:1F.03) : 8086 9DC8 class=040380
0:101  0:000  PCI (00|00:1F.04) : 8086 9DA3 class=0C0500
0:101  0:000  PCI (00|00:1F.05) : 8086 9DA4 class=0C8000
0:101  0:000  === [ GetDefaultSettings ] ================================
0:101  0:000  Clover load options size = 0 bytes
0:102  0:001  EFI\CLOVER\config.plist loaded: Success
0:102  0:000  === [ GetListOfThemes ] ===================================
0:102  0:000  - [00]: random
0:102  0:000  - [00]: embedded
0:103  0:000  === [ Found config plists ] ===============================
0:103  0:000  - config.plist
0:103  0:000  === [ GetEarlyUserSettings ] ==============================
0:103  0:000  timeout set to 2
0:103  0:000  Custom boot CUSTOM_BOOT_THEME (0x0)
0:103  0:000  KextsToPatch: 10 requested
0:103  0:000   - [00]: AppleIntelBDWGraphicsFramebuffer (DVMT for AppleIntelBDWGraphicsFramebuffer (Credits DalianSky) for 10.14.x) :: MatchOS: 10.14.x :: BinPatch :: data len: 5
0:103  0:000   - [01]: AppleIntelSKLGraphicsFramebuffer (DVMT for AppleIntelSKLGraphicsFramebuffer﻿ (Credits DalianSky) for 10.14.x) :: MatchOS: 10.14.x :: BinPatch :: data len: 5
0:103  0:000   - [02]: AppleIntelKBLGraph﻿icsFramebuffer﻿﻿﻿ (DVMT for AppleIntelKBLGraphicsFramebuffer﻿ (Credits DalianSky) for 10.14.x) :: MatchOS: 10.14.x :: BinPatch :: data len: 5
0:103  0:000   - [03]: AppleIntelCFLGraphicsFramebuffer (DVMT for AppleIntelCFLGraphicsFramebuffer﻿ (Credits DalianSky) for 10.14.x) :: MatchOS: 10.14.x :: BinPatch :: data len: 5
0:103  0:000   - [04]: AppleIntelCFLGraphicsFramebuffer (DVMT for AppleIntelCFLGraphicsFramebuffer﻿ (Credits DalianSky) for 10.14.x) :: MatchOS: 10.14.x :: BinPatch :: data len: 5
0:103  0:000   - [05]: com.apple.iokit.IOUSBHostFamily (USB port limit patch 10.14.x modify by DalianSky(credit PMHeart)) :: MatchOS: 10.14.x :: BinPatch :: data len: 4
0:103  0:000   - [06]: com.apple.driver.usb.AppleUSBXHCI (USB Port limit patch 10.14.x modify by DalianSky(credits PMheart)) :: MatchOS: 10.14.x :: BinPatch :: data len: 4
0:103  0:000   - [07]: com.apple.driver.usb.AppleUSBXHCI (USB Port limit patch 10.14.x modify by DalianSky(credits PMheart)) :: MatchOS: 10.14.x :: BinPatch :: data len: 4
0:103  0:000   - [08]: AppleIntelLpssI2C (Disable AppleIntelLpssI2C (credit by Coolstar)) :: PlistPatch :: data len: 5
0:103  0:000   - [09]: AppleIntelLpssI2CController (Disable AppleIntelLpssI2CCOntroller (credit by Coolstar)) :: PlistPatch :: data len: 5
0:103  0:000  Default theme: random
0:103  0:000  Hiding entries with string Preboot
0:103  0:000  Hiding entries with string Recovery
0:103  0:000  Hiding entries with string WEFI
0:103  0:000  === [ LoadDrivers ] =======================================
0:104  0:000  Loading DataHubDxe-64.efi  status=Success
0:111  0:007  Loading FSInject-64.efi  status=Success
0:114  0:003  Loading HFSPlus-64.efi  status=Success
0:117  0:002   - driver needs connecting
0:117  0:000  Loading ApfsDriverLoader-64.efi  status=Success
0:120  0:003   - driver needs connecting
0:120  0:000  Loading AppleImageLoader-64.efi  status=Success
0:123  0:003  Loading OsxAptioFix3Drv-64.efi  status=Success
0:126  0:002  2 drivers needs connecting ...
0:126  0:000  PlatformDriverOverrideProtocol not found. Installing ... Success
0:126  0:000  HFS+ driver loaded
0:126  0:000  APFS driver loaded
0:126  0:000  Searching for invalid DiskIo BY_DRIVER connects: not found, all ok
0:357  0:230  === [ InitScreen ] ========================================
0:357  0:000  Console modes reported: 6, available modes:
0:357  0:000   - [01]: 80x25
0:357  0:000   - [02]: 80x50
0:357  0:000   - [03]: 240x56 (current mode)
0:357  0:000   - [04]: 100x31
0:357  0:000   - [05]: 128x40
0:357  0:000   - [06]: 160x53
0:357  0:000  SetScreenResolution: 1920x1080 - already set
0:357  0:000  SetScreenResolution: 1920x1080 - already set
0:357  0:000  reinit: self device path=PciRoot(0x0)\Pci(0x1D,0x4)\Pci(0x0,0x0)\NVMe(0x1,00-00-00-00-00-00-00-00)\HD(1,GPT,88C17CE6-A50F-49D6-AA40-0AFEBA6B66F4,0x28,0x64000)
0:357  0:000  Using embedded font: Success
0:358  0:000  === [ GetMacAddress ] =====================================
0:358  0:000   get legacy LAN MAC, 0 card found
0:358  0:000  === [ ScanSPD ] ===========================================
0:359  0:000  Scanning SMBus [8086:9DA3], mmio: 0x4B11E004, ioport: 0xEFA0, hostc: 0x11
0:360  0:001  === [ GetAcpiTablesList ] =================================
0:360  0:000  Get Acpi Tables List from RSDT:
0:360  0:000   - [00]: FACP  CB-01    len=276
0:360  0:000   - [01]: SSDT  CpuSsdt len=6086
0:360  0:000   - [02]: SSDT  DptfTabl len=17971
0:360  0:000   - [03]: SSDT  SaSsdt  len=12613
0:360  0:000   - [04]: SSDT  PerfTune len=1312
0:360  0:000   - [05]: ECDT  CB-01    len=105
0:360  0:000   - [06]: HPET  CB-01    len=56
0:360  0:000   - [07]: APIC  CB-01    len=300
0:360  0:000   - [08]: MCFG  CB-01    len=60
0:360  0:000   - [09]: SSDT  Ther_Rvp len=4014
0:360  0:000   - [10]: SSDT  xh_cukc2 len=10802
0:360  0:000   - [11]: BOOT  CB-01    len=40
0:360  0:000   - [12]: SSDT  Tpm2Tabl len=1139
0:360  0:000   - [13]: SSDT  MeSsdt  len=70
0:360  0:000   - [14]: TPM2  CB-01    len=52
0:360  0:000   - [15]: UEFI  CB-01    len=66
0:360  0:000   - [16]: SSDT  UsbCTabl len=2881
0:360  0:000   - [17]: LPIT  CB-01    len=92
0:360  0:000   - [18]: WSMT  CB-01    len=40
0:360  0:000   - [19]: SSDT  TbtTypeC len=4987
0:360  0:000   - [20]: DBGP  CB-01    len=52
0:360  0:000   - [21]: DBG2  CB-01    len=84
0:360  0:000   - [22]: MSDM  CB-01    len=85
0:360  0:000   - [23]: SLIC  CB-01    len=374
0:360  0:000   - [24]: BATB  CB-01    len=74
0:360  0:000   - [25]: NHLT  CB-01    len=45
0:360  0:000   - [26]: DMAR  CB-01    len=168
0:360  0:000   - [27]: FPDT  CB-01    len=68
0:360  0:000   - [28]: BGRT  CB-01    len=56
0:360  0:000   - [29]: UEFI  CB-01    len=338
0:360  0:000  Calibrated TSC Frequency = 1992030260 = 1992MHz
0:360  0:000  === [ GetUserSettings ] ===================================
0:360  0:000  Add 1 devices:
0:360  0:000  USB FixOwnership: yes
0:360  0:000  Dropping 2 tables:
0:360  0:000   - [00]: Drop table  signature="MCFG" (4746434D)
0:360  0:000           - set table: 4746434D,                0 to drop: yes
0:360  0:000   - [01]: Drop table  signature="DMAR" (52414D44)
0:360  0:000           - set table: 52414D44,                0 to drop: yes
0:360  0:000   - final DSDT Fix mask=10000000
0:360  0:000  PatchesDSDT: 5 requested
0:360  0:000   - [00]: (change GFX0 to IGPU) lenToFind: 4, lenToReplace: 4, Target Bridge: <null string>
0:360  0:000   - [01]: (change HDAS to HDEF) lenToFind: 4, lenToReplace: 4, Target Bridge: <null string>
0:360  0:000   - [02]: (change HECI to IMEI) lenToFind: 4, lenToReplace: 4, Target Bridge: <null string>
0:360  0:000   - [03]: (change SAT0 to SATA) lenToFind: 4, lenToReplace: 4, Target Bridge: <null string>
0:360  0:000   - [04]: (change EC0 to EC) lenToFind: 4, lenToReplace: 4, Target Bridge: <null string>
0:360  0:000  Using ProductName from config: MacBookPro14,1
0:360  0:000  Using latest BiosVersion from config
0:360  0:000  BiosVersion: MBP141.88Z.F000.B00.1905281616
0:360  0:000  BiosReleaseDate: 05/28/2019
0:360  0:000  Using latest EfiVersion from config: 196.0.0.0.0
0:360  0:000  Using FirmwareFeatures from config: 0xFC0FE137
0:360  0:000  Using FirmwareFeaturesMask from config: 0xFF1FFF3F
0:360  0:000  Board-ID set from config as Mac-B4831CEBD52A0C4C
0:360  0:000  BoardType: 0xA
0:360  0:000  ChassisType: 0x9
0:360  0:000  === [ Found DSDT tables ] =================================
0:360  0:000  - DSDT.aml
0:413  0:052  === [ ScanVolumes ] =======================================
0:413  0:000  Found 11 volumes with blockIO
0:413  0:000  - [00]: Volume: PciRoot(0x0)\Pci(0x1C,0x4)\Pci(0x0,0x0)\Pci(0x2,0x0)\Pci(0x0,0x0)\USB(0x2,0x0)\USB(0x3,0x0)\Unit(0x0)
0:413  0:000          USB volume
0:413  0:000          USB volume
0:413  0:000  - [01]: Volume: PciRoot(0x0)\Pci(0x1C,0x4)\Pci(0x0,0x0)\Pci(0x2,0x0)\Pci(0x0,0x0)\USB(0x2,0x0)\USB(0x3,0x0)\Unit(0x1)
0:413  0:000          USB volume
0:413  0:000          USB volume
0:413  0:000  - [02]: Volume: PciRoot(0x0)\Pci(0x1D,0x4)\Pci(0x0,0x0)\NVMe(0x1,00-00-00-00-00-00-00-00)
0:413  0:000  - [03]: Volume: PciRoot(0x0)\Pci(0x1D,0x4)\Pci(0x0,0x0)\NVMe(0x1,00-00-00-00-00-00-00-00)\HD(1,GPT,88C17CE6-A50F-49D6-AA40-0AFEBA6B66F4,0x28,0x64000)
0:413  0:000          Result of bootcode detection: bootable unknown (legacy)
0:414  0:000          This is SelfVolume !!
0:414  0:000  - [04]: Volume: PciRoot(0x0)\Pci(0x1D,0x4)\Pci(0x0,0x0)\NVMe(0x1,00-00-00-00-00-00-00-00)\HD(2,GPT,75F17CB5-D5A1-47F9-92C7-AEB66A138F7D,0x64028,0x174C76E8)
0:414  0:000          Result of bootcode detection: bootable unknown (legacy)
0:414  0:000  - [05]: Volume: PciRoot(0x0)\Pci(0x1D,0x4)\Pci(0x0,0x0)\NVMe(0x1,00-00-00-00-00-00-00-00)\HD(3,GPT,C489CE5A-3EFC-43DF-8F95-783318A8E04B,0x1752B800,0x24475800)
0:414  0:000          Result of bootcode detection: bootable Windows (vista,win)
0:414  0:000  - [06]: Volume: PciRoot(0x0)\Pci(0x1D,0x4)\Pci(0x0,0x0)\NVMe(0x1,00-00-00-00-00-00-00-00)\HD(4,GPT,806A1418-C61B-471B-9B6C-C0CC84F162EE,0x3B9A1000,0x8000)
0:414  0:000  - [07]: Volume: PciRoot(0x0)\Pci(0x1D,0x4)\Pci(0x0,0x0)\NVMe(0x1,00-00-00-00-00-00-00-00)\HD(2,GPT,75F17CB5-D5A1-47F9-92C7-AEB66A138F7D,0x64028,0x174C76E8)\VenMedia(BE74FCF7-0B7C-49F3-9147-01F4042E6842,48DE2BF59E77CF46B5ABBC7FD46D464E)
0:414  0:000          hiding this volume
0:414  0:000  - [08]: Volume: PciRoot(0x0)\Pci(0x1D,0x4)\Pci(0x0,0x0)\NVMe(0x1,00-00-00-00-00-00-00-00)\HD(2,GPT,75F17CB5-D5A1-47F9-92C7-AEB66A138F7D,0x64028,0x174C76E8)\VenMedia(BE74FCF7-0B7C-49F3-9147-01F4042E6842,7C949684FC399C479DA925F147A8FDAA)
0:414  0:000  - [09]: Volume: PciRoot(0x0)\Pci(0x1D,0x4)\Pci(0x0,0x0)\NVMe(0x1,00-00-00-00-00-00-00-00)\HD(2,GPT,75F17CB5-D5A1-47F9-92C7-AEB66A138F7D,0x64028,0x174C76E8)\VenMedia(BE74FCF7-0B7C-49F3-9147-01F4042E6842,58007A82CBE44446A22FD097C1CF31E7)
0:414  0:000          hiding this volume
0:414  0:000  - [10]: Volume: PciRoot(0x0)\Pci(0x1D,0x4)\Pci(0x0,0x0)\NVMe(0x1,00-00-00-00-00-00-00-00)\HD(2,GPT,75F17CB5-D5A1-47F9-92C7-AEB66A138F7D,0x64028,0x174C76E8)\VenMedia(BE74FCF7-0B7C-49F3-9147-01F4042E6842,66345B944A74104D9B75F85CEEB44F4C)
0:414  0:000  No AudioIoProtocols, status=Not Found
0:414  0:000  === [ InitTheme ] =========================================
0:414  0:000  use daylight theme
0:414  0:000   using embedded theme
0:414  0:000  got embedded sound
0:414  0:000    Channels: 2  Sample rate: 8000 Hz  Bits: 16
0:414  0:000  output to channel 0 with volume 70, len=25600
0:414  0:000   sound channels=2 bits=16 freq=8000
0:415  0:000  sound converted to 48kHz
0:415  0:000  not found AudioIo to play
0:415  0:000  sound play end with status=Not Found
0:415  0:000  Using embedded font: Success
0:415  0:000  theme inited
0:415  0:000  Chosen embedded theme
0:415  0:000  found boot-args in NVRAM:, size=1
0:416  0:000  after NVRAM boot-args=-v dart=0 nv_disable=1
0:416  0:000  === [ Dump SMC keys from NVRAM ] ==========================
0:416  0:000  no AppleSMC protocol
0:439  0:023  === [ ScanLoader ] ========================================
0:439  0:000  - [03]: 'EFI'
0:441  0:001          AddLoaderEntry for Volume Name=EFI
0:441  0:000          AddLoaderEntry for Volume Name=EFI
0:441  0:000          skipped because entry is hidden
0:441  0:000  - [07]: 'Preboot', hidden
0:441  0:000  - [08]: 'MacOS'
0:590  0:148          AddLoaderEntry for Volume Name=MacOS
0:625  0:034      hibernated: set as never
0:694  0:069  - [09]: 'Recovery', hidden
0:694  0:000  - [10]: 'VM'
0:694  0:000  === [ AddCustomTool ] =====================================
0:695  0:000  === [ GetEfiBootDeviceFromNvram ] =========================
0:695  0:000   - efi-boot-device-data: PciRoot(0x0)\Pci(0x1D,0x4)\Pci(0x0,0x0)\NVMe(0x1,00-00-00-00-00-00-00-00)\HD(1,GPT,88C17CE6-A50F-49D6-AA40-0AFEBA6B66F4,0x28,0x64000)\EFI\microsoft\Boot\bootmgfw.efii
0:695  0:000    - Volume: 'PciRoot(0x0)\Pci(0x1D,0x4)\Pci(0x0,0x0)\NVMe(0x1,00-00-00-00-00-00-00-00)\HD(1,GPT,88C17CE6-A50F-49D6-AA40-0AFEBA6B66F4,0x28,0x64000)'
0:695  0:000    - LoaderPath: '\EFI\microsoft\Boot\bootmgfw.efi'
0:695  0:000    - Guid = 88C17CE6-A50F-49D6-AA40-0AFEBA6B66F4
0:695  0:000  === [ FindStartupDiskVolume ] =============================
0:695  0:000    - Volume: partition = PciRoot(0x0)\Pci(0x1D,0x4)\Pci(0x0,0x0)\NVMe(0x1,00-00-00-00-00-00-00-00)\HD(1,GPT,88C17CE6-A50F-49D6-AA40-0AFEBA6B66F4,0x28,0x64000)
0:695  0:000     - searching for that partition and loader '\EFI\microsoft\Boot\bootmgfw.efi'
0:695  0:000      - found entry 0. 'Boot Microsoft EFI Boot from EFI', Volume 'EFI', '\EFI\microsoft\Boot\bootmgfw.efi'
0:695  0:000  Boot redirected to Entry 0. 'Boot Microsoft EFI Boot from EFI'
0:695  0:000  DefaultIndex=0 and MainMenu.EntryCount=6
0:739  0:043  GUI ready
9:722  8:983  Found UEFI Acpi 2.0 RSDP at 2FD0D014
9:722  0:000  Saving ACPI tables from RSDP 2FD0D014 to EFI\CLOVER\ACPI\origin ...
9:722  0:000   2FD0D014: 'RSD PTR ', Rev: 2 (Acpi 2.0 or newer), Len: 36 -> RSDP.aml
9:737  0:014    (Xsdt: 2FD0B188, Rsdt: 2FD0B0C4)
9:737  0:000    2FD0B188: 'XSDT', 'CB-01', Rev: 1, Len: 276 -> XSDT.aml
9:752  0:014    2FD0B0C4: 'RSDT', 'CB-01', Rev: 1, Len: 156 -> RSDT.aml
9:767  0:014    Tables in Xsdt: 30
9:767  0:000    0. 2D46E000: 'FACP', 'CB-01', Rev: 6, Len: 276 -> FACP.aml
9:782  0:015        (Dsdt: 2D42A000, Facs: 2FC0C000, XDsdt: 2D42A000, XFacs: 0)
9:782  0:000        2D42A000: 'DSDT', 'CFL', Rev: 2, Len: 265841 -> DSDT.aml
9:813  0:030        2FC0C000: 'FACS', Ver: 2, Len: 64 -> FACS.aml
9:829  0:015    1. 2D508000: 'SSDT', 'CpuSsdt', Rev: 2, Len: 6086 -> SSDT-0.aml
9:844  0:015    2. 2D4CE000: 'SSDT', 'DptfTabl', Rev: 2, Len: 17971 -> SSDT-1.aml
9:861  0:016    3. 2D471000: 'SSDT', 'SaSsdt', Rev: 2, Len: 12613 -> SSDT-2.aml
9:876  0:015    4. 2D470000: 'SSDT', 'PerfTune', Rev: 2, Len: 1312 -> SSDT-3.aml
9:892  0:015    5. 2D46F000: 'ECDT', 'CB-01', Rev: 1, Len: 105 -> ECDT.aml
9:907  0:015    6. 2D46D000: 'HPET', 'CB-01', Rev: 1, Len: 56 -> HPET.aml
9:924  0:016    7. 2D46C000: 'APIC', 'CB-01', Rev: 3, Len: 300 -> APIC.aml
9:939  0:015    8. 2D46B000: 'MCFG', 'CB-01', Rev: 1, Len: 60 -> MCFG.aml
9:955  0:015    9. 2D429000: 'SSDT', 'Ther_Rvp', Rev: 2, Len: 4014 -> SSDT-4.aml
9:972  0:017    10. 2D426000: 'SSDT', 'xh_cukc2', Rev: 2, Len: 10802 -> SSDT-5.aml
9:987  0:015    11. 2D425000: 'BOOT', 'CB-01', Rev: 1, Len: 40 -> BOOT.aml
10:002  0:015    12. 2D411000: 'SSDT', 'Tpm2Tabl', Rev: 2, Len: 1139 -> SSDT-6.aml
10:017  0:015    13. 2D410000: 'SSDT', 'MeSsdt', Rev: 2, Len: 70 -> SSDT-7.aml
10:032  0:015    14. 2D40F000: 'TPM2', 'CB-01', Rev: 3, Len: 52 -> TPM2.aml
10:047  0:015    15. 2FC08000: 'UEFI', 'CB-01', Rev: 1, Len: 66 -> UEFI.aml
10:062  0:015    16. 2D40D000: 'SSDT', 'UsbCTabl', Rev: 2, Len: 2881 -> SSDT-8.aml
10:078  0:015    17. 2D40C000: 'LPIT', 'CB-01', Rev: 1, Len: 92 -> LPIT.aml
10:094  0:015    18. 2D40B000: 'WSMT', 'CB-01', Rev: 1, Len: 40 -> WSMT.aml
10:109  0:015    19. 2D409000: 'SSDT', 'TbtTypeC', Rev: 2, Len: 4987 -> SSDT-9.aml
10:125  0:015    20. 2D408000: 'DBGP', 'CB-01', Rev: 1, Len: 52 -> DBGP.aml
10:141  0:015    21. 2D407000: 'DBG2', 'CB-01', Rev: 0, Len: 84 -> DBG2.aml
10:156  0:015    22. 2D406000: 'MSDM', 'CB-01', Rev: 3, Len: 85 -> MSDM.aml
10:172  0:015    23. 2D405000: 'SLIC', 'CB-01', Rev: 1, Len: 374 -> SLIC.aml
10:187  0:015    24. 2D3F0000: 'BATB', 'CB-01', Rev: 2, Len: 74 -> BATB.aml
10:203  0:015    25. 2B5EE000: 'NHLT', 'CB-01', Rev: 0, Len: 45 -> NHLT.aml
10:220  0:017    26. 2B5ED000: 'DMAR', 'CB-01', Rev: 1, Len: 168 -> DMAR.aml
10:235  0:014    27. 2B5EA000: 'FPDT', 'CB-01', Rev: 1, Len: 68 -> FPDT.aml
10:251  0:015    28. 2B5E9000: 'BGRT', 'CB-01', Rev: 1, Len: 56 -> BGRT.aml
10:266  0:015    29. 2FC06000: 'UEFI', 'CB-01', Rev: 1, Len: 338 -> UEFI.aml
10:290  0:023    Tables in Rsdt: 30
10:290  0:000    0. 2D46E000: 'FACP', 'CB-01', Rev: 6, Len: 276
10:290  0:000        (Dsdt: 2D42A000, Facs: 2FC0C000, XDsdt: 2D42A000, XFacs: 0)
10:290  0:000        2D42A000: 'DSDT', 'CFL', Rev: 2, Len: 265841
10:290  0:000        2FC0C000: 'FACS', Ver: 2, Len: 64
10:290  0:000    1. 2D508000: 'SSDT', 'CpuSsdt', Rev: 2, Len: 6086
10:290  0:000    2. 2D4CE000: 'SSDT', 'DptfTabl', Rev: 2, Len: 17971
10:290  0:000    3. 2D471000: 'SSDT', 'SaSsdt', Rev: 2, Len: 12613
10:290  0:000    4. 2D470000: 'SSDT', 'PerfTune', Rev: 2, Len: 1312
10:290  0:000    5. 2D46F000: 'ECDT', 'CB-01', Rev: 1, Len: 105
10:290  0:000    6. 2D46D000: 'HPET', 'CB-01', Rev: 1, Len: 56
10:290  0:000    7. 2D46C000: 'APIC', 'CB-01', Rev: 3, Len: 300
10:290  0:000    8. 2D46B000: 'MCFG', 'CB-01', Rev: 1, Len: 60
10:290  0:000    9. 2D429000: 'SSDT', 'Ther_Rvp', Rev: 2, Len: 4014
10:290  0:000    10. 2D426000: 'SSDT', 'xh_cukc2', Rev: 2, Len: 10802
10:290  0:000    11. 2D425000: 'BOOT', 'CB-01', Rev: 1, Len: 40
10:290  0:000    12. 2D411000: 'SSDT', 'Tpm2Tabl', Rev: 2, Len: 1139
10:290  0:000    13. 2D410000: 'SSDT', 'MeSsdt', Rev: 2, Len: 70
10:290  0:000    14. 2D40F000: 'TPM2', 'CB-01', Rev: 3, Len: 52
10:290  0:000    15. 2FC08000: 'UEFI', 'CB-01', Rev: 1, Len: 66
10:290  0:000    16. 2D40D000: 'SSDT', 'UsbCTabl', Rev: 2, Len: 2881
10:290  0:000    17. 2D40C000: 'LPIT', 'CB-01', Rev: 1, Len: 92
10:290  0:000    18. 2D40B000: 'WSMT', 'CB-01', Rev: 1, Len: 40
10:290  0:000    19. 2D409000: 'SSDT', 'TbtTypeC', Rev: 2, Len: 4987
10:290  0:000    20. 2D408000: 'DBGP', 'CB-01', Rev: 1, Len: 52
10:290  0:000    21. 2D407000: 'DBG2', 'CB-01', Rev: 0, Len: 84
10:290  0:000    22. 2D406000: 'MSDM', 'CB-01', Rev: 3, Len: 85
10:290  0:000    23. 2D405000: 'SLIC', 'CB-01', Rev: 1, Len: 374
10:290  0:000    24. 2D3F0000: 'BATB', 'CB-01', Rev: 2, Len: 74
10:290  0:000    25. 2B5EE000: 'NHLT', 'CB-01', Rev: 0, Len: 45
10:290  0:000    26. 2B5ED000: 'DMAR', 'CB-01', Rev: 1, Len: 168
10:290  0:000    27. 2B5EA000: 'FPDT', 'CB-01', Rev: 1, Len: 68
10:290  0:000    28. 2B5E9000: 'BGRT', 'CB-01', Rev: 1, Len: 56
10:290  0:000    29. 2FC06000: 'UEFI', 'CB-01', Rev: 1, Len: 338
10:290  0:000  Found UEFI Acpi 1.0 RSDP at 2FD0D000
10:290  0:000  Printing ACPI tables from RSDP 2FD0D000 ...
10:290  0:000   2FD0D000: 'RSD PTR ', Rev: 0 (Acpi 1.0), Len: 20
10:290  0:000    (Rsdt: 2FD0B000)
10:290  0:000    2FD0B000: 'RSDT', 'CB-01', Rev: 1, Len: 156
10:290  0:000    Tables in Rsdt: 30
10:290  0:000    0. 2D46E000: 'FACP', 'CB-01', Rev: 6, Len: 276
10:290  0:000        (Dsdt: 2D42A000, Facs: 2FC0C000, XDsdt: 2D42A000, XFacs: 0)
10:290  0:000        2D42A000: 'DSDT', 'CFL', Rev: 2, Len: 265841
10:290  0:000        2FC0C000: 'FACS', Ver: 2, Len: 64
10:290  0:000    1. 2D508000: 'SSDT', 'CpuSsdt', Rev: 2, Len: 6086
10:290  0:000    2. 2D4CE000: 'SSDT', 'DptfTabl', Rev: 2, Len: 17971
10:290  0:000    3. 2D471000: 'SSDT', 'SaSsdt', Rev: 2, Len: 12613
10:290  0:000    4. 2D470000: 'SSDT', 'PerfTune', Rev: 2, Len: 1312
10:290  0:000    5. 2D46F000: 'ECDT', 'CB-01', Rev: 1, Len: 105
10:290  0:000    6. 2D46D000: 'HPET', 'CB-01', Rev: 1, Len: 56
10:290  0:000    7. 2D46C000: 'APIC', 'CB-01', Rev: 3, Len: 300
10:290  0:000    8. 2D46B000: 'MCFG', 'CB-01', Rev: 1, Len: 60
10:290  0:000    9. 2D429000: 'SSDT', 'Ther_Rvp', Rev: 2, Len: 4014
10:290  0:000    10. 2D426000: 'SSDT', 'xh_cukc2', Rev: 2, Len: 10802
10:290  0:000    11. 2D425000: 'BOOT', 'CB-01', Rev: 1, Len: 40
10:290  0:000    12. 2D411000: 'SSDT', 'Tpm2Tabl', Rev: 2, Len: 1139
10:290  0:000    13. 2D410000: 'SSDT', 'MeSsdt', Rev: 2, Len: 70
10:290  0:000    14. 2D40F000: 'TPM2', 'CB-01', Rev: 3, Len: 52
10:290  0:000    15. 2FC08000: 'UEFI', 'CB-01', Rev: 1, Len: 66
10:290  0:000    16. 2D40D000: 'SSDT', 'UsbCTabl', Rev: 2, Len: 2881
10:290  0:000    17. 2D40C000: 'LPIT', 'CB-01', Rev: 1, Len: 92
10:290  0:000    18. 2D40B000: 'WSMT', 'CB-01', Rev: 1, Len: 40
10:290  0:000    19. 2D409000: 'SSDT', 'TbtTypeC', Rev: 2, Len: 4987
10:290  0:000    20. 2D408000: 'DBGP', 'CB-01', Rev: 1, Len: 52
10:290  0:000    21. 2D407000: 'DBG2', 'CB-01', Rev: 0, Len: 84
10:290  0:000    22. 2D406000: 'MSDM', 'CB-01', Rev: 3, Len: 85
10:290  0:000    23. 2D405000: 'SLIC', 'CB-01', Rev: 1, Len: 374
10:290  0:000    24. 2D3F0000: 'BATB', 'CB-01', Rev: 2, Len: 74
10:290  0:000    25. 2B5EE000: 'NHLT', 'CB-01', Rev: 0, Len: 45
10:290  0:000    26. 2B5ED000: 'DMAR', 'CB-01', Rev: 1, Len: 168
10:290  0:000    27. 2B5EA000: 'FPDT', 'CB-01', Rev: 1, Len: 68
10:290  0:000    28. 2B5E9000: 'BGRT', 'CB-01', Rev: 1, Len: 56
10:290  0:000    29. 2FC06000: 'UEFI', 'CB-01', Rev: 1, Len: 338
11:379  1:088  Found UEFI Acpi 2.0 RSDP at 2FD0D014
11:379  0:000  Saving ACPI tables from RSDP 2FD0D014 to EFI\CLOVER\ACPI\origin ...
11:379  0:000   2FD0D014: 'RSD PTR ', Rev: 2 (Acpi 2.0 or newer), Len: 36
11:379  0:000    (Xsdt: 2FD0B188, Rsdt: 2FD0B0C4)
11:379  0:000    2FD0B188: 'XSDT', 'CB-01', Rev: 1, Len: 276
11:379  0:000    2FD0B0C4: 'RSDT', 'CB-01', Rev: 1, Len: 156
11:379  0:000    Tables in Xsdt: 30
11:379  0:000    0. 2D46E000: 'FACP', 'CB-01', Rev: 6, Len: 276
11:379  0:000        (Dsdt: 2D42A000, Facs: 2FC0C000, XDsdt: 2D42A000, XFacs: 0)
11:379  0:000        2D42A000: 'DSDT', 'CFL', Rev: 2, Len: 265841
11:379  0:000        2FC0C000: 'FACS', Ver: 2, Len: 64
11:379  0:000    1. 2D508000: 'SSDT', 'CpuSsdt', Rev: 2, Len: 6086
11:379  0:000    2. 2D4CE000: 'SSDT', 'DptfTabl', Rev: 2, Len: 17971
11:379  0:000    3. 2D471000: 'SSDT', 'SaSsdt', Rev: 2, Len: 12613
11:379  0:000    4. 2D470000: 'SSDT', 'PerfTune', Rev: 2, Len: 1312
11:379  0:000    5. 2D46F000: 'ECDT', 'CB-01', Rev: 1, Len: 105
11:379  0:000    6. 2D46D000: 'HPET', 'CB-01', Rev: 1, Len: 56
11:379  0:000    7. 2D46C000: 'APIC', 'CB-01', Rev: 3, Len: 300
11:379  0:000    8. 2D46B000: 'MCFG', 'CB-01', Rev: 1, Len: 60
11:379  0:000    9. 2D429000: 'SSDT', 'Ther_Rvp', Rev: 2, Len: 4014
11:379  0:000    10. 2D426000: 'SSDT', 'xh_cukc2', Rev: 2, Len: 10802
11:379  0:000    11. 2D425000: 'BOOT', 'CB-01', Rev: 1, Len: 40
11:379  0:000    12. 2D411000: 'SSDT', 'Tpm2Tabl', Rev: 2, Len: 1139
11:379  0:000    13. 2D410000: 'SSDT', 'MeSsdt', Rev: 2, Len: 70
11:379  0:000    14. 2D40F000: 'TPM2', 'CB-01', Rev: 3, Len: 52
11:379  0:000    15. 2FC08000: 'UEFI', 'CB-01', Rev: 1, Len: 66
11:379  0:000    16. 2D40D000: 'SSDT', 'UsbCTabl', Rev: 2, Len: 2881
11:379  0:000    17. 2D40C000: 'LPIT', 'CB-01', Rev: 1, Len: 92
11:379  0:000    18. 2D40B000: 'WSMT', 'CB-01', Rev: 1, Len: 40
11:379  0:000    19. 2D409000: 'SSDT', 'TbtTypeC', Rev: 2, Len: 4987
11:379  0:000    20. 2D408000: 'DBGP', 'CB-01', Rev: 1, Len: 52
11:379  0:000    21. 2D407000: 'DBG2', 'CB-01', Rev: 0, Len: 84
11:379  0:000    22. 2D406000: 'MSDM', 'CB-01', Rev: 3, Len: 85
11:379  0:000    23. 2D405000: 'SLIC', 'CB-01', Rev: 1, Len: 374
11:379  0:000    24. 2D3F0000: 'BATB', 'CB-01', Rev: 2, Len: 74
11:379  0:000    25. 2B5EE000: 'NHLT', 'CB-01', Rev: 0, Len: 45
11:379  0:000    26. 2B5ED000: 'DMAR', 'CB-01', Rev: 1, Len: 168
11:379  0:000    27. 2B5EA000: 'FPDT', 'CB-01', Rev: 1, Len: 68
11:379  0:000    28. 2B5E9000: 'BGRT', 'CB-01', Rev: 1, Len: 56
11:379  0:000    29. 2FC06000: 'UEFI', 'CB-01', Rev: 1, Len: 338
11:379  0:000    Tables in Rsdt: 30
11:379  0:000    0. 2D46E000: 'FACP', 'CB-01', Rev: 6, Len: 276
11:379  0:000        (Dsdt: 2D42A000, Facs: 2FC0C000, XDsdt: 2D42A000, XFacs: 0)
11:379  0:000        2D42A000: 'DSDT', 'CFL', Rev: 2, Len: 265841
11:379  0:000        2FC0C000: 'FACS', Ver: 2, Len: 64
11:379  0:000    1. 2D508000: 'SSDT', 'CpuSsdt', Rev: 2, Len: 6086
11:379  0:000    2. 2D4CE000: 'SSDT', 'DptfTabl', Rev: 2, Len: 17971
11:379  0:000    3. 2D471000: 'SSDT', 'SaSsdt', Rev: 2, Len: 12613
11:379  0:000    4. 2D470000: 'SSDT', 'PerfTune', Rev: 2, Len: 1312
11:379  0:000    5. 2D46F000: 'ECDT', 'CB-01', Rev: 1, Len: 105
11:379  0:000    6. 2D46D000: 'HPET', 'CB-01', Rev: 1, Len: 56
11:379  0:000    7. 2D46C000: 'APIC', 'CB-01', Rev: 3, Len: 300
11:379  0:000    8. 2D46B000: 'MCFG', 'CB-01', Rev: 1, Len: 60
11:379  0:000    9. 2D429000: 'SSDT', 'Ther_Rvp', Rev: 2, Len: 4014
11:379  0:000    10. 2D426000: 'SSDT', 'xh_cukc2', Rev: 2, Len: 10802
11:379  0:000    11. 2D425000: 'BOOT', 'CB-01', Rev: 1, Len: 40
11:379  0:000    12. 2D411000: 'SSDT', 'Tpm2Tabl', Rev: 2, Len: 1139
11:379  0:000    13. 2D410000: 'SSDT', 'MeSsdt', Rev: 2, Len: 70
11:379  0:000    14. 2D40F000: 'TPM2', 'CB-01', Rev: 3, Len: 52
11:379  0:000    15. 2FC08000: 'UEFI', 'CB-01', Rev: 1, Len: 66
11:379  0:000    16. 2D40D000: 'SSDT', 'UsbCTabl', Rev: 2, Len: 2881
11:379  0:000    17. 2D40C000: 'LPIT', 'CB-01', Rev: 1, Len: 92
11:379  0:000    18. 2D40B000: 'WSMT', 'CB-01', Rev: 1, Len: 40
11:379  0:000    19. 2D409000: 'SSDT', 'TbtTypeC', Rev: 2, Len: 4987
11:379  0:000    20. 2D408000: 'DBGP', 'CB-01', Rev: 1, Len: 52
11:379  0:000    21. 2D407000: 'DBG2', 'CB-01', Rev: 0, Len: 84
11:379  0:000    22. 2D406000: 'MSDM', 'CB-01', Rev: 3, Len: 85
11:379  0:000    23. 2D405000: 'SLIC', 'CB-01', Rev: 1, Len: 374
11:379  0:000    24. 2D3F0000: 'BATB', 'CB-01', Rev: 2, Len: 74
11:379  0:000    25. 2B5EE000: 'NHLT', 'CB-01', Rev: 0, Len: 45
11:379  0:000    26. 2B5ED000: 'DMAR', 'CB-01', Rev: 1, Len: 168
11:379  0:000    27. 2B5EA000: 'FPDT', 'CB-01', Rev: 1, Len: 68
11:379  0:000    28. 2B5E9000: 'BGRT', 'CB-01', Rev: 1, Len: 56
11:379  0:000    29. 2FC06000: 'UEFI', 'CB-01', Rev: 1, Len: 338
11:379  0:000  Found UEFI Acpi 1.0 RSDP at 2FD0D000
11:379  0:000  Printing ACPI tables from RSDP 2FD0D000 ...
11:379  0:000   2FD0D000: 'RSD PTR ', Rev: 0 (Acpi 1.0), Len: 20
11:379  0:000    (Rsdt: 2FD0B000)
11:379  0:000    2FD0B000: 'RSDT', 'CB-01', Rev: 1, Len: 156
11:379  0:000    Tables in Rsdt: 30
11:379  0:000    0. 2D46E000: 'FACP', 'CB-01', Rev: 6, Len: 276
11:379  0:000        (Dsdt: 2D42A000, Facs: 2FC0C000, XDsdt: 2D42A000, XFacs: 0)
11:379  0:000        2D42A000: 'DSDT', 'CFL', Rev: 2, Len: 265841
11:379  0:000        2FC0C000: 'FACS', Ver: 2, Len: 64
11:379  0:000    1. 2D508000: 'SSDT', 'CpuSsdt', Rev: 2, Len: 6086
11:379  0:000    2. 2D4CE000: 'SSDT', 'DptfTabl', Rev: 2, Len: 17971
11:379  0:000    3. 2D471000: 'SSDT', 'SaSsdt', Rev: 2, Len: 12613
11:379  0:000    4. 2D470000: 'SSDT', 'PerfTune', Rev: 2, Len: 1312
11:379  0:000    5. 2D46F000: 'ECDT', 'CB-01', Rev: 1, Len: 105
11:379  0:000    6. 2D46D000: 'HPET', 'CB-01', Rev: 1, Len: 56
11:379  0:000    7. 2D46C000: 'APIC', 'CB-01', Rev: 3, Len: 300
11:379  0:000    8. 2D46B000: 'MCFG', 'CB-01', Rev: 1, Len: 60
11:379  0:000    9. 2D429000: 'SSDT', 'Ther_Rvp', Rev: 2, Len: 4014
11:379  0:000    10. 2D426000: 'SSDT', 'xh_cukc2', Rev: 2, Len: 10802
11:379  0:000    11. 2D425000: 'BOOT', 'CB-01', Rev: 1, Len: 40
11:379  0:000    12. 2D411000: 'SSDT', 'Tpm2Tabl', Rev: 2, Len: 1139
11:379  0:000    13. 2D410000: 'SSDT', 'MeSsdt', Rev: 2, Len: 70
11:379  0:000    14. 2D40F000: 'TPM2', 'CB-01', Rev: 3, Len: 52
11:379  0:000    15. 2FC08000: 'UEFI', 'CB-01', Rev: 1, Len: 66
11:379  0:000    16. 2D40D000: 'SSDT', 'UsbCTabl', Rev: 2, Len: 2881
11:379  0:000    17. 2D40C000: 'LPIT', 'CB-01', Rev: 1, Len: 92
11:379  0:000    18. 2D40B000: 'WSMT', 'CB-01', Rev: 1, Len: 40
11:379  0:000    19. 2D409000: 'SSDT', 'TbtTypeC', Rev: 2, Len: 4987
11:379  0:000    20. 2D408000: 'DBGP', 'CB-01', Rev: 1, Len: 52
11:379  0:000    21. 2D407000: 'DBG2', 'CB-01', Rev: 0, Len: 84
11:379  0:000    22. 2D406000: 'MSDM', 'CB-01', Rev: 3, Len: 85
11:379  0:000    23. 2D405000: 'SLIC', 'CB-01', Rev: 1, Len: 374
11:379  0:000    24. 2D3F0000: 'BATB', 'CB-01', Rev: 2, Len: 74
11:379  0:000    25. 2B5EE000: 'NHLT', 'CB-01', Rev: 0, Len: 45
11:379  0:000    26. 2B5ED000: 'DMAR', 'CB-01', Rev: 1, Len: 168
11:379  0:000    27. 2B5EA000: 'FPDT', 'CB-01', Rev: 1, Len: 68
11:379  0:000    28. 2B5E9000: 'BGRT', 'CB-01', Rev: 1, Len: 56
11:379  0:000    29. 2FC06000: 'UEFI', 'CB-01', Rev: 1, Len: 338
13:929  2:549  Found UEFI Acpi 2.0 RSDP at 2FD0D014
13:929  0:000  Saving ACPI tables from RSDP 2FD0D014 to EFI\CLOVER\ACPI\origin ...
13:929  0:000   2FD0D014: 'RSD PTR ', Rev: 2 (Acpi 2.0 or newer), Len: 36
13:929  0:000    (Xsdt: 2FD0B188, Rsdt: 2FD0B0C4)
13:929  0:000    2FD0B188: 'XSDT', 'CB-01', Rev: 1, Len: 276
13:929  0:000    2FD0B0C4: 'RSDT', 'CB-01', Rev: 1, Len: 156
13:929  0:000    Tables in Xsdt: 30
13:929  0:000    0. 2D46E000: 'FACP', 'CB-01', Rev: 6, Len: 276
13:929  0:000        (Dsdt: 2D42A000, Facs: 2FC0C000, XDsdt: 2D42A000, XFacs: 0)
13:929  0:000        2D42A000: 'DSDT', 'CFL', Rev: 2, Len: 265841
13:929  0:000        2FC0C000: 'FACS', Ver: 2, Len: 64
13:929  0:000    1. 2D508000: 'SSDT', 'CpuSsdt', Rev: 2, Len: 6086
13:929  0:000    2. 2D4CE000: 'SSDT', 'DptfTabl', Rev: 2, Len: 17971
13:929  0:000    3. 2D471000: 'SSDT', 'SaSsdt', Rev: 2, Len: 12613
13:929  0:000    4. 2D470000: 'SSDT', 'PerfTune', Rev: 2, Len: 1312
13:929  0:000    5. 2D46F000: 'ECDT', 'CB-01', Rev: 1, Len: 105
13:929  0:000    6. 2D46D000: 'HPET', 'CB-01', Rev: 1, Len: 56
13:929  0:000    7. 2D46C000: 'APIC', 'CB-01', Rev: 3, Len: 300
13:929  0:000    8. 2D46B000: 'MCFG', 'CB-01', Rev: 1, Len: 60
13:929  0:000    9. 2D429000: 'SSDT', 'Ther_Rvp', Rev: 2, Len: 4014
13:929  0:000    10. 2D426000: 'SSDT', 'xh_cukc2', Rev: 2, Len: 10802
13:929  0:000    11. 2D425000: 'BOOT', 'CB-01', Rev: 1, Len: 40
13:929  0:000    12. 2D411000: 'SSDT', 'Tpm2Tabl', Rev: 2, Len: 1139
13:929  0:000    13. 2D410000: 'SSDT', 'MeSsdt', Rev: 2, Len: 70
13:929  0:000    14. 2D40F000: 'TPM2', 'CB-01', Rev: 3, Len: 52
13:929  0:000    15. 2FC08000: 'UEFI', 'CB-01', Rev: 1, Len: 66
13:929  0:000    16. 2D40D000: 'SSDT', 'UsbCTabl', Rev: 2, Len: 2881
13:929  0:000    17. 2D40C000: 'LPIT', 'CB-01', Rev: 1, Len: 92
13:929  0:000    18. 2D40B000: 'WSMT', 'CB-01', Rev: 1, Len: 40
13:929  0:000    19. 2D409000: 'SSDT', 'TbtTypeC', Rev: 2, Len: 4987
13:929  0:000    20. 2D408000: 'DBGP', 'CB-01', Rev: 1, Len: 52
13:929  0:000    21. 2D407000: 'DBG2', 'CB-01', Rev: 0, Len: 84
13:929  0:000    22. 2D406000: 'MSDM', 'CB-01', Rev: 3, Len: 85
13:929  0:000    23. 2D405000: 'SLIC', 'CB-01', Rev: 1, Len: 374
13:929  0:000    24. 2D3F0000: 'BATB', 'CB-01', Rev: 2, Len: 74
13:929  0:000    25. 2B5EE000: 'NHLT', 'CB-01', Rev: 0, Len: 45
13:929  0:000    26. 2B5ED000: 'DMAR', 'CB-01', Rev: 1, Len: 168
13:929  0:000    27. 2B5EA000: 'FPDT', 'CB-01', Rev: 1, Len: 68
13:929  0:000    28. 2B5E9000: 'BGRT', 'CB-01', Rev: 1, Len: 56
13:929  0:000    29. 2FC06000: 'UEFI', 'CB-01', Rev: 1, Len: 338
13:929  0:000    Tables in Rsdt: 30
13:929  0:000    0. 2D46E000: 'FACP', 'CB-01', Rev: 6, Len: 276
13:929  0:000        (Dsdt: 2D42A000, Facs: 2FC0C000, XDsdt: 2D42A000, XFacs: 0)
13:929  0:000        2D42A000: 'DSDT', 'CFL', Rev: 2, Len: 265841
13:929  0:000        2FC0C000: 'FACS', Ver: 2, Len: 64
13:929  0:000    1. 2D508000: 'SSDT', 'CpuSsdt', Rev: 2, Len: 6086
13:929  0:000    2. 2D4CE000: 'SSDT', 'DptfTabl', Rev: 2, Len: 17971
13:929  0:000    3. 2D471000: 'SSDT', 'SaSsdt', Rev: 2, Len: 12613
13:929  0:000    4. 2D470000: 'SSDT', 'PerfTune', Rev: 2, Len: 1312
13:929  0:000    5. 2D46F000: 'ECDT', 'CB-01', Rev: 1, Len: 105
13:929  0:000    6. 2D46D000: 'HPET', 'CB-01', Rev: 1, Len: 56
13:929  0:000    7. 2D46C000: 'APIC', 'CB-01', Rev: 3, Len: 300
13:929  0:000    8. 2D46B000: 'MCFG', 'CB-01', Rev: 1, Len: 60
13:929  0:000    9. 2D429000: 'SSDT', 'Ther_Rvp', Rev: 2, Len: 4014
13:929  0:000    10. 2D426000: 'SSDT', 'xh_cukc2', Rev: 2, Len: 10802
13:929  0:000    11. 2D425000: 'BOOT', 'CB-01', Rev: 1, Len: 40
13:929  0:000    12. 2D411000: 'SSDT', 'Tpm2Tabl', Rev: 2, Len: 1139
13:929  0:000    13. 2D410000: 'SSDT', 'MeSsdt', Rev: 2, Len: 70
13:929  0:000    14. 2D40F000: 'TPM2', 'CB-01', Rev: 3, Len: 52
13:929  0:000    15. 2FC08000: 'UEFI', 'CB-01', Rev: 1, Len: 66
13:929  0:000    16. 2D40D000: 'SSDT', 'UsbCTabl', Rev: 2, Len: 2881
13:929  0:000    17. 2D40C000: 'LPIT', 'CB-01', Rev: 1, Len: 92
13:929  0:000    18. 2D40B000: 'WSMT', 'CB-01', Rev: 1, Len: 40
13:929  0:000    19. 2D409000: 'SSDT', 'TbtTypeC', Rev: 2, Len: 4987
13:929  0:000    20. 2D408000: 'DBGP', 'CB-01', Rev: 1, Len: 52
13:929  0:000    21. 2D407000: 'DBG2', 'CB-01', Rev: 0, Len: 84
13:929  0:000    22. 2D406000: 'MSDM', 'CB-01', Rev: 3, Len: 85
13:929  0:000    23. 2D405000: 'SLIC', 'CB-01', Rev: 1, Len: 374
13:929  0:000    24. 2D3F0000: 'BATB', 'CB-01', Rev: 2, Len: 74
13:929  0:000    25. 2B5EE000: 'NHLT', 'CB-01', Rev: 0, Len: 45
13:929  0:000    26. 2B5ED000: 'DMAR', 'CB-01', Rev: 1, Len: 168
13:929  0:000    27. 2B5EA000: 'FPDT', 'CB-01', Rev: 1, Len: 68
13:929  0:000    28. 2B5E9000: 'BGRT', 'CB-01', Rev: 1, Len: 56
13:929  0:000    29. 2FC06000: 'UEFI', 'CB-01', Rev: 1, Len: 338
13:929  0:000  Found UEFI Acpi 1.0 RSDP at 2FD0D000
13:929  0:000  Printing ACPI tables from RSDP 2FD0D000 ...
13:929  0:000   2FD0D000: 'RSD PTR ', Rev: 0 (Acpi 1.0), Len: 20
13:929  0:000    (Rsdt: 2FD0B000)
13:929  0:000    2FD0B000: 'RSDT', 'CB-01', Rev: 1, Len: 156
13:929  0:000    Tables in Rsdt: 30
13:929  0:000    0. 2D46E000: 'FACP', 'CB-01', Rev: 6, Len: 276
13:929  0:000        (Dsdt: 2D42A000, Facs: 2FC0C000, XDsdt: 2D42A000, XFacs: 0)
13:929  0:000        2D42A000: 'DSDT', 'CFL', Rev: 2, Len: 265841
13:929  0:000        2FC0C000: 'FACS', Ver: 2, Len: 64
13:929  0:000    1. 2D508000: 'SSDT', 'CpuSsdt', Rev: 2, Len: 6086
13:929  0:000    2. 2D4CE000: 'SSDT', 'DptfTabl', Rev: 2, Len: 17971
13:929  0:000    3. 2D471000: 'SSDT', 'SaSsdt', Rev: 2, Len: 12613
13:929  0:000    4. 2D470000: 'SSDT', 'PerfTune', Rev: 2, Len: 1312
13:929  0:000    5. 2D46F000: 'ECDT', 'CB-01', Rev: 1, Len: 105
13:929  0:000    6. 2D46D000: 'HPET', 'CB-01', Rev: 1, Len: 56
13:929  0:000    7. 2D46C000: 'APIC', 'CB-01', Rev: 3, Len: 300
13:929  0:000    8. 2D46B000: 'MCFG', 'CB-01', Rev: 1, Len: 60
13:929  0:000    9. 2D429000: 'SSDT', 'Ther_Rvp', Rev: 2, Len: 4014
13:929  0:000    10. 2D426000: 'SSDT', 'xh_cukc2', Rev: 2, Len: 10802
13:929  0:000    11. 2D425000: 'BOOT', 'CB-01', Rev: 1, Len: 40
13:929  0:000    12. 2D411000: 'SSDT', 'Tpm2Tabl', Rev: 2, Len: 1139
13:929  0:000    13. 2D410000: 'SSDT', 'MeSsdt', Rev: 2, Len: 70
13:929  0:000    14. 2D40F000: 'TPM2', 'CB-01', Rev: 3, Len: 52
13:929  0:000    15. 2FC08000: 'UEFI', 'CB-01', Rev: 1, Len: 66
13:929  0:000    16. 2D40D000: 'SSDT', 'UsbCTabl', Rev: 2, Len: 2881
13:929  0:000    17. 2D40C000: 'LPIT', 'CB-01', Rev: 1, Len: 92
13:929  0:000    18. 2D40B000: 'WSMT', 'CB-01', Rev: 1, Len: 40
13:929  0:000    19. 2D409000: 'SSDT', 'TbtTypeC', Rev: 2, Len: 4987
13:929  0:000    20. 2D408000: 'DBGP', 'CB-01', Rev: 1, Len: 52
13:929  0:000    21. 2D407000: 'DBG2', 'CB-01', Rev: 0, Len: 84
13:929  0:000    22. 2D406000: 'MSDM', 'CB-01', Rev: 3, Len: 85
13:929  0:000    23. 2D405000: 'SLIC', 'CB-01', Rev: 1, Len: 374
13:929  0:000    24. 2D3F0000: 'BATB', 'CB-01', Rev: 2, Len: 74
13:929  0:000    25. 2B5EE000: 'NHLT', 'CB-01', Rev: 0, Len: 45
13:929  0:000    26. 2B5ED000: 'DMAR', 'CB-01', Rev: 1, Len: 168
13:929  0:000    27. 2B5EA000: 'FPDT', 'CB-01', Rev: 1, Len: 68
13:929  0:000    28. 2B5E9000: 'BGRT', 'CB-01', Rev: 1, Len: 56
13:929  0:000    29. 2FC06000: 'UEFI', 'CB-01', Rev: 1, Len: 338
14:109  0:180  Found UEFI Acpi 2.0 RSDP at 2FD0D014
14:109  0:000  Saving ACPI tables from RSDP 2FD0D014 to EFI\CLOVER\ACPI\origin ...
14:109  0:000   2FD0D014: 'RSD PTR ', Rev: 2 (Acpi 2.0 or newer), Len: 36 -> RSDP.aml
14:131  0:022    (Xsdt: 2FD0B188, Rsdt: 2FD0B0C4)
14:131  0:000    2FD0B188: 'XSDT', 'CB-01', Rev: 1, Len: 276 -> XSDT.aml
14:153  0:022    2FD0B0C4: 'RSDT', 'CB-01', Rev: 1, Len: 156 -> RSDT.aml
14:175  0:022    Tables in Xsdt: 30
14:175  0:000    0. 2D46E000: 'FACP', 'CB-01', Rev: 6, Len: 276 -> FACP.aml
14:197  0:022        (Dsdt: 2D42A000, Facs: 2FC0C000, XDsdt: 2D42A000, XFacs: 0)
14:197  0:000        2D42A000: 'DSDT', 'CFL', Rev: 2, Len: 265841 -> DSDT.aml
14:235  0:037        2FC0C000: 'FACS', Ver: 2, Len: 64 -> FACS.aml
14:262  0:026    1. 2D508000: 'SSDT', 'CpuSsdt', Rev: 2, Len: 6086 -> SSDT-0.aml
14:285  0:023    2. 2D4CE000: 'SSDT', 'DptfTabl', Rev: 2, Len: 17971 -> SSDT-1.aml
14:308  0:023    3. 2D471000: 'SSDT', 'SaSsdt', Rev: 2, Len: 12613 -> SSDT-2.aml
14:332  0:023    4. 2D470000: 'SSDT', 'PerfTune', Rev: 2, Len: 1312 -> SSDT-3.aml
14:356  0:024    5. 2D46F000: 'ECDT', 'CB-01', Rev: 1, Len: 105 -> ECDT.aml
14:380  0:023    6. 2D46D000: 'HPET', 'CB-01', Rev: 1, Len: 56 -> HPET.aml
14:404  0:023    7. 2D46C000: 'APIC', 'CB-01', Rev: 3, Len: 300 -> APIC.aml
14:427  0:023    8. 2D46B000: 'MCFG', 'CB-01', Rev: 1, Len: 60 -> MCFG.aml
14:451  0:023    9. 2D429000: 'SSDT', 'Ther_Rvp', Rev: 2, Len: 4014 -> SSDT-4.aml
14:475  0:023    10. 2D426000: 'SSDT', 'xh_cukc2', Rev: 2, Len: 10802 -> SSDT-5.aml
14:498  0:023    11. 2D425000: 'BOOT', 'CB-01', Rev: 1, Len: 40 -> BOOT.aml
14:522  0:023    12. 2D411000: 'SSDT', 'Tpm2Tabl', Rev: 2, Len: 1139 -> SSDT-6.aml
14:546  0:023    13. 2D410000: 'SSDT', 'MeSsdt', Rev: 2, Len: 70 -> SSDT-7.aml
14:569  0:023    14. 2D40F000: 'TPM2', 'CB-01', Rev: 3, Len: 52 -> TPM2.aml
14:593  0:023    15. 2FC08000: 'UEFI', 'CB-01', Rev: 1, Len: 66 -> UEFI.aml
14:623  0:029    16. 2D40D000: 'SSDT', 'UsbCTabl', Rev: 2, Len: 2881 -> SSDT-8.aml
14:648  0:025    17. 2D40C000: 'LPIT', 'CB-01', Rev: 1, Len: 92 -> LPIT.aml
14:672  0:023    18. 2D40B000: 'WSMT', 'CB-01', Rev: 1, Len: 40 -> WSMT.aml
14:695  0:023    19. 2D409000: 'SSDT', 'TbtTypeC', Rev: 2, Len: 4987 -> SSDT-9.aml
14:718  0:023    20. 2D408000: 'DBGP', 'CB-01', Rev: 1, Len: 52 -> DBGP.aml
14:741  0:023    21. 2D407000: 'DBG2', 'CB-01', Rev: 0, Len: 84 -> DBG2.aml
14:765  0:023    22. 2D406000: 'MSDM', 'CB-01', Rev: 3, Len: 85
14:765  0:000    23. 2D405000: 'SLIC', 'CB-01', Rev: 1, Len: 374
14:765  0:000    24. 2D3F0000: 'BATB', 'CB-01', Rev: 2, Len: 74 -> BATB.aml
14:788  0:023    25. 2B5EE000: 'NHLT', 'CB-01', Rev: 0, Len: 45 -> NHLT.aml
14:811  0:023    26. 2B5ED000: 'DMAR', 'CB-01', Rev: 1, Len: 168 -> DMAR.aml
14:834  0:023    27. 2B5EA000: 'FPDT', 'CB-01', Rev: 1, Len: 68 -> FPDT.aml
14:858  0:023    28. 2B5E9000: 'BGRT', 'CB-01', Rev: 1, Len: 56 -> BGRT.aml
14:882  0:023    29. 2FC06000: 'UEFI', 'CB-01', Rev: 1, Len: 338 -> UEFI.aml
14:906  0:023    Tables in Rsdt: 30
14:906  0:000    0. 2D46E000: 'FACP', 'CB-01', Rev: 6, Len: 276 -> RSDT-FACP.aml
14:921  0:015        (Dsdt: 2D42A000, Facs: 2FC0C000, XDsdt: 2D42A000, XFacs: 0)
14:921  0:000        2D42A000: 'DSDT', 'CFL', Rev: 2, Len: 265841 -> RSDT-DSDT.aml
14:944  0:023        2FC0C000: 'FACS', Ver: 2, Len: 64
14:944  0:000    1. 2D508000: 'SSDT', 'CpuSsdt', Rev: 2, Len: 6086
14:944  0:000    2. 2D4CE000: 'SSDT', 'DptfTabl', Rev: 2, Len: 17971
14:945  0:000    3. 2D471000: 'SSDT', 'SaSsdt', Rev: 2, Len: 12613
14:945  0:000    4. 2D470000: 'SSDT', 'PerfTune', Rev: 2, Len: 1312
14:945  0:000    5. 2D46F000: 'ECDT', 'CB-01', Rev: 1, Len: 105
14:945  0:000    6. 2D46D000: 'HPET', 'CB-01', Rev: 1, Len: 56
14:945  0:000    7. 2D46C000: 'APIC', 'CB-01', Rev: 3, Len: 300
14:945  0:000    8. 2D46B000: 'MCFG', 'CB-01', Rev: 1, Len: 60
14:945  0:000    9. 2D429000: 'SSDT', 'Ther_Rvp', Rev: 2, Len: 4014
14:945  0:000    10. 2D426000: 'SSDT', 'xh_cukc2', Rev: 2, Len: 10802
14:945  0:000    11. 2D425000: 'BOOT', 'CB-01', Rev: 1, Len: 40
14:945  0:000    12. 2D411000: 'SSDT', 'Tpm2Tabl', Rev: 2, Len: 1139
14:945  0:000    13. 2D410000: 'SSDT', 'MeSsdt', Rev: 2, Len: 70
14:945  0:000    14. 2D40F000: 'TPM2', 'CB-01', Rev: 3, Len: 52
14:945  0:000    15. 2FC08000: 'UEFI', 'CB-01', Rev: 1, Len: 66
14:945  0:000    16. 2D40D000: 'SSDT', 'UsbCTabl', Rev: 2, Len: 2881
14:945  0:000    17. 2D40C000: 'LPIT', 'CB-01', Rev: 1, Len: 92
14:945  0:000    18. 2D40B000: 'WSMT', 'CB-01', Rev: 1, Len: 40
14:945  0:000    19. 2D409000: 'SSDT', 'TbtTypeC', Rev: 2, Len: 4987
14:945  0:000    20. 2D408000: 'DBGP', 'CB-01', Rev: 1, Len: 52
14:945  0:000    21. 2D407000: 'DBG2', 'CB-01', Rev: 0, Len: 84
14:945  0:000    22. 2D406000: 'MSDM', 'CB-01', Rev: 3, Len: 85
14:945  0:000    23. 2D405000: 'SLIC', 'CB-01', Rev: 1, Len: 374
14:945  0:000    24. 2D3F0000: 'BATB', 'CB-01', Rev: 2, Len: 74
14:945  0:000    25. 2B5EE000: 'NHLT', 'CB-01', Rev: 0, Len: 45
14:945  0:000    26. 2B5ED000: 'DMAR', 'CB-01', Rev: 1, Len: 168
14:945  0:000    27. 2B5EA000: 'FPDT', 'CB-01', Rev: 1, Len: 68
14:945  0:000    28. 2B5E9000: 'BGRT', 'CB-01', Rev: 1, Len: 56
14:945  0:000    29. 2FC06000: 'UEFI', 'CB-01', Rev: 1, Len: 338
14:945  0:000  Found UEFI Acpi 1.0 RSDP at 2FD0D000
14:945  0:000  Printing ACPI tables from RSDP 2FD0D000 ...
14:945  0:000   2FD0D000: 'RSD PTR ', Rev: 0 (Acpi 1.0), Len: 20
14:945  0:000    (Rsdt: 2FD0B000)
14:945  0:000    2FD0B000: 'RSDT', 'CB-01', Rev: 1, Len: 156
14:945  0:000    Tables in Rsdt: 30
14:945  0:000    0. 2D46E000: 'FACP', 'CB-01', Rev: 6, Len: 276
14:945  0:000        (Dsdt: 2D42A000, Facs: 2FC0C000, XDsdt: 2D42A000, XFacs: 0)
14:945  0:000        2D42A000: 'DSDT', 'CFL', Rev: 2, Len: 265841
14:945  0:000        2FC0C000: 'FACS', Ver: 2, Len: 64
14:945  0:000    1. 2D508000: 'SSDT', 'CpuSsdt', Rev: 2, Len: 6086
14:945  0:000    2. 2D4CE000: 'SSDT', 'DptfTabl', Rev: 2, Len: 17971
14:945  0:000    3. 2D471000: 'SSDT', 'SaSsdt', Rev: 2, Len: 12613
14:945  0:000    4. 2D470000: 'SSDT', 'PerfTune', Rev: 2, Len: 1312
14:945  0:000    5. 2D46F000: 'ECDT', 'CB-01', Rev: 1, Len: 105
14:945  0:000    6. 2D46D000: 'HPET', 'CB-01', Rev: 1, Len: 56
14:945  0:000    7. 2D46C000: 'APIC', 'CB-01', Rev: 3, Len: 300
14:945  0:000    8. 2D46B000: 'MCFG', 'CB-01', Rev: 1, Len: 60
14:945  0:000    9. 2D429000: 'SSDT', 'Ther_Rvp', Rev: 2, Len: 4014
14:945  0:000    10. 2D426000: 'SSDT', 'xh_cukc2', Rev: 2, Len: 10802
14:945  0:000    11. 2D425000: 'BOOT', 'CB-01', Rev: 1, Len: 40
14:945  0:000    12. 2D411000: 'SSDT', 'Tpm2Tabl', Rev: 2, Len: 1139
14:945  0:000    13. 2D410000: 'SSDT', 'MeSsdt', Rev: 2, Len: 70
14:945  0:000    14. 2D40F000: 'TPM2', 'CB-01', Rev: 3, Len: 52
14:945  0:000    15. 2FC08000: 'UEFI', 'CB-01', Rev: 1, Len: 66
14:945  0:000    16. 2D40D000: 'SSDT', 'UsbCTabl', Rev: 2, Len: 2881
14:945  0:000    17. 2D40C000: 'LPIT', 'CB-01', Rev: 1, Len: 92
14:945  0:000    18. 2D40B000: 'WSMT', 'CB-01', Rev: 1, Len: 40
14:945  0:000    19. 2D409000: 'SSDT', 'TbtTypeC', Rev: 2, Len: 4987
14:945  0:000    20. 2D408000: 'DBGP', 'CB-01', Rev: 1, Len: 52
14:945  0:000    21. 2D407000: 'DBG2', 'CB-01', Rev: 0, Len: 84
14:945  0:000    22. 2D406000: 'MSDM', 'CB-01', Rev: 3, Len: 85
14:945  0:000    23. 2D405000: 'SLIC', 'CB-01', Rev: 1, Len: 374
14:945  0:000    24. 2D3F0000: 'BATB', 'CB-01', Rev: 2, Len: 74
14:945  0:000    25. 2B5EE000: 'NHLT', 'CB-01', Rev: 0, Len: 45
14:945  0:000    26. 2B5ED000: 'DMAR', 'CB-01', Rev: 1, Len: 168
14:945  0:000    27. 2B5EA000: 'FPDT', 'CB-01', Rev: 1, Len: 68
14:945  0:000    28. 2B5E9000: 'BGRT', 'CB-01', Rev: 1, Len: 56
14:945  0:000    29. 2FC06000: 'UEFI', 'CB-01', Rev: 1, Len: 338
14:971  0:025  Found UEFI Acpi 2.0 RSDP at 2FD0D014
14:971  0:000  Saving ACPI tables from RSDP 2FD0D014 to EFI\CLOVER\ACPI\origin ...
14:971  0:000   2FD0D014: 'RSD PTR ', Rev: 2 (Acpi 2.0 or newer), Len: 36 -> RSDP.aml
14:993  0:022    (Xsdt: 2FD0B188, Rsdt: 2FD0B0C4)
14:993  0:000    2FD0B188: 'XSDT', 'CB-01', Rev: 1, Len: 276 -> XSDT.aml
15:016  0:022    2FD0B0C4: 'RSDT', 'CB-01', Rev: 1, Len: 156 -> RSDT.aml
15:038  0:022    Tables in Xsdt: 30
15:038  0:000    0. 2D46E000: 'FACP', 'CB-01', Rev: 6, Len: 276
15:038  0:000        (Dsdt: 2D42A000, Facs: 2FC0C000, XDsdt: 2D42A000, XFacs: 0)
15:038  0:000        2D42A000: 'DSDT', 'CFL', Rev: 2, Len: 265841
15:038  0:000        2FC0C000: 'FACS', Ver: 2, Len: 64
15:038  0:000    1. 2D508000: 'SSDT', 'CpuSsdt', Rev: 2, Len: 6086
15:038  0:000    2. 2D4CE000: 'SSDT', 'DptfTabl', Rev: 2, Len: 17971
15:038  0:000    3. 2D471000: 'SSDT', 'SaSsdt', Rev: 2, Len: 12613
15:038  0:000    4. 2D470000: 'SSDT', 'PerfTune', Rev: 2, Len: 1312
15:038  0:000    5. 2D46F000: 'ECDT', 'CB-01', Rev: 1, Len: 105
15:038  0:000    6. 2D46D000: 'HPET', 'CB-01', Rev: 1, Len: 56
15:038  0:000    7. 2D46C000: 'APIC', 'CB-01', Rev: 3, Len: 300
15:038  0:000    8. 2D46B000: 'MCFG', 'CB-01', Rev: 1, Len: 60
15:038  0:000    9. 2D429000: 'SSDT', 'Ther_Rvp', Rev: 2, Len: 4014
15:038  0:000    10. 2D426000: 'SSDT', 'xh_cukc2', Rev: 2, Len: 10802
15:038  0:000    11. 2D425000: 'BOOT', 'CB-01', Rev: 1, Len: 40
15:038  0:000    12. 2D411000: 'SSDT', 'Tpm2Tabl', Rev: 2, Len: 1139
15:038  0:000    13. 2D410000: 'SSDT', 'MeSsdt', Rev: 2, Len: 70
15:038  0:000    14. 2D40F000: 'TPM2', 'CB-01', Rev: 3, Len: 52
15:038  0:000    15. 2FC08000: 'UEFI', 'CB-01', Rev: 1, Len: 66
15:038  0:000    16. 2D40D000: 'SSDT', 'UsbCTabl', Rev: 2, Len: 2881
15:038  0:000    17. 2D40C000: 'LPIT', 'CB-01', Rev: 1, Len: 92
15:038  0:000    18. 2D40B000: 'WSMT', 'CB-01', Rev: 1, Len: 40
15:038  0:000    19. 2D409000: 'SSDT', 'TbtTypeC', Rev: 2, Len: 4987
15:038  0:000    20. 2D408000: 'DBGP', 'CB-01', Rev: 1, Len: 52
15:038  0:000    21. 2D407000: 'DBG2', 'CB-01', Rev: 0, Len: 84
15:038  0:000    22. 2D406000: 'MSDM', 'CB-01', Rev: 3, Len: 85
15:038  0:000    23. 2D405000: 'SLIC', 'CB-01', Rev: 1, Len: 374
15:038  0:000    24. 2D3F0000: 'BATB', 'CB-01', Rev: 2, Len: 74
15:038  0:000    25. 2B5EE000: 'NHLT', 'CB-01', Rev: 0, Len: 45
15:038  0:000    26. 2B5ED000: 'DMAR', 'CB-01', Rev: 1, Len: 168
15:038  0:000    27. 2B5EA000: 'FPDT', 'CB-01', Rev: 1, Len: 68
15:038  0:000    28. 2B5E9000: 'BGRT', 'CB-01', Rev: 1, Len: 56
15:038  0:000    29. 2FC06000: 'UEFI', 'CB-01', Rev: 1, Len: 338
15:038  0:000    Tables in Rsdt: 30
15:038  0:000    0. 2D46E000: 'FACP', 'CB-01', Rev: 6, Len: 276
15:038  0:000        (Dsdt: 2D42A000, Facs: 2FC0C000, XDsdt: 2D42A000, XFacs: 0)
15:038  0:000        2D42A000: 'DSDT', 'CFL', Rev: 2, Len: 265841
15:038  0:000        2FC0C000: 'FACS', Ver: 2, Len: 64
15:038  0:000    1. 2D508000: 'SSDT', 'CpuSsdt', Rev: 2, Len: 6086
15:038  0:000    2. 2D4CE000: 'SSDT', 'DptfTabl', Rev: 2, Len: 17971
15:038  0:000    3. 2D471000: 'SSDT', 'SaSsdt', Rev: 2, Len: 12613
15:038  0:000    4. 2D470000: 'SSDT', 'PerfTune', Rev: 2, Len: 1312
15:038  0:000    5. 2D46F000: 'ECDT', 'CB-01', Rev: 1, Len: 105
15:038  0:000    6. 2D46D000: 'HPET', 'CB-01', Rev: 1, Len: 56
15:038  0:000    7. 2D46C000: 'APIC', 'CB-01', Rev: 3, Len: 300
15:038  0:000    8. 2D46B000: 'MCFG', 'CB-01', Rev: 1, Len: 60
15:038  0:000    9. 2D429000: 'SSDT', 'Ther_Rvp', Rev: 2, Len: 4014
15:038  0:000    10. 2D426000: 'SSDT', 'xh_cukc2', Rev: 2, Len: 10802
15:038  0:000    11. 2D425000: 'BOOT', 'CB-01', Rev: 1, Len: 40
15:038  0:000    12. 2D411000: 'SSDT', 'Tpm2Tabl', Rev: 2, Len: 1139
15:038  0:000    13. 2D410000: 'SSDT', 'MeSsdt', Rev: 2, Len: 70
15:038  0:000    14. 2D40F000: 'TPM2', 'CB-01', Rev: 3, Len: 52
15:038  0:000    15. 2FC08000: 'UEFI', 'CB-01', Rev: 1, Len: 66
15:038  0:000    16. 2D40D000: 'SSDT', 'UsbCTabl', Rev: 2, Len: 2881
15:038  0:000    17. 2D40C000: 'LPIT', 'CB-01', Rev: 1, Len: 92
15:038  0:000    18. 2D40B000: 'WSMT', 'CB-01', Rev: 1, Len: 40
15:038  0:000    19. 2D409000: 'SSDT', 'TbtTypeC', Rev: 2, Len: 4987
15:038  0:000    20. 2D408000: 'DBGP', 'CB-01', Rev: 1, Len: 52
15:038  0:000    21. 2D407000: 'DBG2', 'CB-01', Rev: 0, Len: 84
15:038  0:000    22. 2D406000: 'MSDM', 'CB-01', Rev: 3, Len: 85
15:038  0:000    23. 2D405000: 'SLIC', 'CB-01', Rev: 1, Len: 374
15:038  0:000    24. 2D3F0000: 'BATB', 'CB-01', Rev: 2, Len: 74
15:038  0:000    25. 2B5EE000: 'NHLT', 'CB-01', Rev: 0, Len: 45
15:038  0:000    26. 2B5ED000: 'DMAR', 'CB-01', Rev: 1, Len: 168
15:038  0:000    27. 2B5EA000: 'FPDT', 'CB-01', Rev: 1, Len: 68
15:038  0:000    28. 2B5E9000: 'BGRT', 'CB-01', Rev: 1, Len: 56
15:038  0:000    29. 2FC06000: 'UEFI', 'CB-01', Rev: 1, Len: 338
15:038  0:000  Found UEFI Acpi 1.0 RSDP at 2FD0D000
15:038  0:000  Printing ACPI tables from RSDP 2FD0D000 ...
15:038  0:000   2FD0D000: 'RSD PTR ', Rev: 0 (Acpi 1.0), Len: 20
15:038  0:000    (Rsdt: 2FD0B000)
15:038  0:000    2FD0B000: 'RSDT', 'CB-01', Rev: 1, Len: 156
15:038  0:000    Tables in Rsdt: 30
15:038  0:000    0. 2D46E000: 'FACP', 'CB-01', Rev: 6, Len: 276
15:038  0:000        (Dsdt: 2D42A000, Facs: 2FC0C000, XDsdt: 2D42A000, XFacs: 0)
15:038  0:000        2D42A000: 'DSDT', 'CFL', Rev: 2, Len: 265841
15:038  0:000        2FC0C000: 'FACS', Ver: 2, Len: 64
15:038  0:000    1. 2D508000: 'SSDT', 'CpuSsdt', Rev: 2, Len: 6086
15:038  0:000    2. 2D4CE000: 'SSDT', 'DptfTabl', Rev: 2, Len: 17971
15:038  0:000    3. 2D471000: 'SSDT', 'SaSsdt', Rev: 2, Len: 12613
15:038  0:000    4. 2D470000: 'SSDT', 'PerfTune', Rev: 2, Len: 1312
15:038  0:000    5. 2D46F000: 'ECDT', 'CB-01', Rev: 1, Len: 105
15:038  0:000    6. 2D46D000: 'HPET', 'CB-01', Rev: 1, Len: 56
15:038  0:000    7. 2D46C000: 'APIC', 'CB-01', Rev: 3, Len: 300
15:038  0:000    8. 2D46B000: 'MCFG', 'CB-01', Rev: 1, Len: 60
15:038  0:000    9. 2D429000: 'SSDT', 'Ther_Rvp', Rev: 2, Len: 4014
15:038  0:000    10. 2D426000: 'SSDT', 'xh_cukc2', Rev: 2, Len: 10802
15:038  0:000    11. 2D425000: 'BOOT', 'CB-01', Rev: 1, Len: 40
15:038  0:000    12. 2D411000: 'SSDT', 'Tpm2Tabl', Rev: 2, Len: 1139
15:038  0:000    13. 2D410000: 'SSDT', 'MeSsdt', Rev: 2, Len: 70
15:038  0:000    14. 2D40F000: 'TPM2', 'CB-01', Rev: 3, Len: 52
15:038  0:000    15. 2FC08000: 'UEFI', 'CB-01', Rev: 1, Len: 66
15:038  0:000    16. 2D40D000: 'SSDT', 'UsbCTabl', Rev: 2, Len: 2881
15:038  0:000    17. 2D40C000: 'LPIT', 'CB-01', Rev: 1, Len: 92
15:038  0:000    18. 2D40B000: 'WSMT', 'CB-01', Rev: 1, Len: 40
15:038  0:000    19. 2D409000: 'SSDT', 'TbtTypeC', Rev: 2, Len: 4987
15:038  0:000    20. 2D408000: 'DBGP', 'CB-01', Rev: 1, Len: 52
15:038  0:000    21. 2D407000: 'DBG2', 'CB-01', Rev: 0, Len: 84
15:038  0:000    22. 2D406000: 'MSDM', 'CB-01', Rev: 3, Len: 85
15:038  0:000    23. 2D405000: 'SLIC', 'CB-01', Rev: 1, Len: 374
15:038  0:000    24. 2D3F0000: 'BATB', 'CB-01', Rev: 2, Len: 74
15:038  0:000    25. 2B5EE000: 'NHLT', 'CB-01', Rev: 0, Len: 45
15:038  0:000    26. 2B5ED000: 'DMAR', 'CB-01', Rev: 1, Len: 168
15:038  0:000    27. 2B5EA000: 'FPDT', 'CB-01', Rev: 1, Len: 68
15:038  0:000    28. 2B5E9000: 'BGRT', 'CB-01', Rev: 1, Len: 56
15:038  0:000    29. 2FC06000: 'UEFI', 'CB-01', Rev: 1, Len: 338
16:359  1:321  ParseBootOption: invalid input params
16:359  0:000  BootVariable of the entry is empty
16:359  0:000  === [ StartLoader ] =======================================
16:359  0:000  Finally: ExternalClock=25MHz BusSpeed=99602kHz CPUFreq=1992MHz PIS: hw.busfrequency=100000000Hz
16:359  0:000  Loading bootmgfw.efi  status=Success
16:430  0:070  Closing events for Windows
16:430  0:000  OtherOS: Found Acpi 2.0 RSDP 0x2FD0D014
16:430  0:000  RSDT at 2FD0B0C4
16:430  0:000  XSDT at 2FD0B188
16:430  0:000  FADT pointer = 2D46E000
16:430  0:000  Cleanup RSDT: count=30, length=156
16:430  0:000  corrected RSDT: count=30, length=156
16:430  0:000  Cleanup XSDT: count=30, length=276
16:430  0:000  corrected XSDT count=30, length=276
16:430  0:000  SetStartupDiskVolume:
16:430  0:000    * Volume: 'EFI'
16:430  0:000    * LoaderPath: '\EFI\microsoft\Boot\bootmgfw.efi'
16:430  0:000    * DevPath: EFI
16:430  0:000    * GUID = 88C17CE6-A50F-49D6-AA40-0AFEBA6B66F4
16:430  0:000    * efi-boot-device: <array><dict><key>IOMatch</key><dict><key>IOProviderClass</key><string>IOMedia</string><key>IOPropertyMatch</key><dict><key>UUID</key><string>88C17CE6-A50F-49D6-AA40-0AFEBA6B66F4</string></dict></dict></dict></array>
16:430  0:000  Closing log
